<p><strong>Error Message</strong></p>
<pre><code>
    java.lang.AssertionError
</code></pre>
<br>

<p><b>Actual user</b>
    <br>Not logged in
</p>

<p><b>Request Method</b>
    <br>GET
</p>

<p><b>User Agent</b>
    <br>user-agent
</p>

<p><strong>Request Url</strong>
    <br>/page/studentHome/
</p>

<p><strong>Request Path</strong>
    <br>/page/studentHome
</p>

<p><strong>Request Parameters</strong>
    <br>{}
</p>

<p><strong>Stack Trace</strong>
    <br><pre><code>
java.lang.AssertionError
	at teammates.test.cases.logic.EmailGeneratorTest.testSystemCrashReportEmailContent(EmailGeneratorTest.java:349)
	at sun.reflect.NativeMethodAccessorImpl.invoke0(Native Method)
	at sun.reflect.NativeMethodAccessorImpl.invoke(NativeMethodAccessorImpl.java:57)
	at sun.reflect.DelegatingMethodAccessorImpl.invoke(DelegatingMethodAccessorImpl.java:43)
	at java.lang.reflect.Method.invoke(Method.java:606)
	at org.testng.internal.MethodInvocationHelper.invokeMethod(MethodInvocationHelper.java:85)
	at org.testng.internal.Invoker.invokeMethod(Invoker.java:659)
	at org.testng.internal.Invoker.invokeTestMethod(Invoker.java:845)
	at org.testng.internal.Invoker.invokeTestMethods(Invoker.java:1153)
	at org.testng.internal.TestMethodWorker.invokeTestMethods(TestMethodWorker.java:125)
	at org.testng.internal.TestMethodWorker.run(TestMethodWorker.java:108)
	at org.testng.TestRunner.privateRun(TestRunner.java:771)
	at org.testng.TestRunner.run(TestRunner.java:621)
	...
</code></pre>
</p>